<?xml version="1.0" encoding="UTF-8"?>
<testsuite name="fr.noether.preypredator.domain.WorldGenerationTest" tests="1" skipped="0" failures="0" errors="0" timestamp="2019-10-20T12:16:00" hostname="noether" time="0.001">
  <properties/>
  <testcase name="world_should_be_composed_of_a_dimensionned_grid_of_territories" classname="fr.noether.preypredator.domain.WorldGenerationTest" time="0.001"/>
  <system-out><![CDATA[]]></system-out>
  <system-err><![CDATA[]]></system-err>
</testsuite>
